<?xml version="1.0" encoding="utf-8"?><testsuites name="pytest tests"><testsuite name="pytest" errors="0" failures="0" skipped="0" tests="11" time="3.618" timestamp="2026-03-18T02:54:10.131233+00:00" hostname="agent-env-2aa1364b-c48d-4ba7-8fe3-04979a8c3135"><testcase classname="backend.tests.test_auth.TestHealthCheck" name="test_root_api" time="0.362" /><testcase classname="backend.tests.test_auth.TestHealthCheck" name="test_health_endpoint" time="0.161" /><testcase classname="backend.tests.test_auth.TestRegister" name="test_register_new_user" time="0.413" /><testcase classname="backend.tests.test_auth.TestRegister" name="test_register_duplicate_email" time="0.515" /><testcase classname="backend.tests.test_auth.TestLogin" name="test_login_existing_user" time="0.393" /><testcase classname="backend.tests.test_auth.TestLogin" name="test_login_wrong_password" time="0.357" /><testcase classname="backend.tests.test_auth.TestLogin" name="test_login_nonexistent_user" time="0.145" /><testcase classname="backend.tests.test_auth.TestAuthMe" name="test_me_with_valid_token" time="0.482" /><testcase classname="backend.tests.test_auth.TestAuthMe" name="test_me_without_token" time="0.171" /><testcase classname="backend.tests.test_auth.TestAuthMe" name="test_me_with_invalid_token" time="0.124" /><testcase classname="backend.tests.test_auth.TestLogout" name="test_logout" time="0.437" /></testsuite></testsuites>