<?xml version="1.0" encoding="utf-8"?><testsuites name="pytest tests"><testsuite name="pytest" errors="0" failures="1" skipped="0" tests="9" time="86.816" timestamp="2026-03-18T03:34:51.788210+00:00" hostname="agent-env-2aa1364b-c48d-4ba7-8fe3-04979a8c3135"><testcase classname="backend.tests.test_onboarding_persona" name="test_get_questions_returns_7" time="0.234" /><testcase classname="backend.tests.test_onboarding_persona" name="test_questions_have_correct_structure" time="0.144" /><testcase classname="backend.tests.test_onboarding_persona" name="test_analyze_posts_returns_analysis" time="60.537"><failure message="assert 502 == 200&#10; +  where 502 = &lt;Response [502]&gt;.status_code">backend/tests/test_onboarding_persona.py:70: in test_analyze_posts_returns_analysis
    assert r.status_code == 200
E   assert 502 == 200
E    +  where 502 = &lt;Response [502]&gt;.status_code</failure></testcase><testcase classname="backend.tests.test_onboarding_persona" name="test_analyze_posts_requires_auth" time="7.133" /><testcase classname="backend.tests.test_onboarding_persona" name="test_generate_persona_with_full_answers" time="6.381" /><testcase classname="backend.tests.test_onboarding_persona" name="test_generate_persona_updates_onboarding_flag" time="5.831" /><testcase classname="backend.tests.test_onboarding_persona" name="test_get_persona_me" time="0.127" /><testcase classname="backend.tests.test_onboarding_persona" name="test_update_persona_me" time="0.279" /><testcase classname="backend.tests.test_onboarding_persona" name="test_delete_persona_resets_flag" time="6.073" /></testsuite></testsuites>