<?xml version="1.0" encoding="utf-8"?><testsuites name="pytest tests"><testsuite name="pytest" errors="0" failures="0" skipped="0" tests="14" time="41.999" timestamp="2026-03-18T04:07:00.189115+00:00" hostname="agent-env-2aa1364b-c48d-4ba7-8fe3-04979a8c3135"><testcase classname="backend.tests.test_content_sprint3.TestPlatformTypes" name="test_get_platform_types" time="0.250" /><testcase classname="backend.tests.test_content_sprint3.TestCreateContentJob" name="test_create_valid_linkedin_post" time="0.102" /><testcase classname="backend.tests.test_content_sprint3.TestCreateContentJob" name="test_create_returns_400_for_short_input" time="3.878" /><testcase classname="backend.tests.test_content_sprint3.TestCreateContentJob" name="test_create_returns_400_for_invalid_content_type" time="3.948" /><testcase classname="backend.tests.test_content_sprint3.TestCreateContentJob" name="test_create_x_tweet" time="14.052" /><testcase classname="backend.tests.test_content_sprint3.TestGetJob" name="test_get_reference_job" time="2.563" /><testcase classname="backend.tests.test_content_sprint3.TestGetJob" name="test_reference_job_has_final_content" time="14.264" /><testcase classname="backend.tests.test_content_sprint3.TestGetJob" name="test_reference_job_has_qc_scores" time="2.105" /><testcase classname="backend.tests.test_content_sprint3.TestGetJob" name="test_reference_job_has_agent_summaries" time="0.104" /><testcase classname="backend.tests.test_content_sprint3.TestGetJob" name="test_get_nonexistent_job_returns_404" time="0.118" /><testcase classname="backend.tests.test_content_sprint3.TestPatchJobStatus" name="test_approve_reference_job" time="0.120" /><testcase classname="backend.tests.test_content_sprint3.TestPatchJobStatus" name="test_approve_with_edited_content" time="0.223" /><testcase classname="backend.tests.test_content_sprint3.TestListJobs" name="test_list_jobs_returns_array" time="0.100" /><testcase classname="backend.tests.test_content_sprint3.TestListJobs" name="test_jobs_do_not_include_agent_outputs" time="0.107" /></testsuite></testsuites>